<?xml version="1.0" encoding="UTF-8"?>
<testsuite xmlns:xsi="http://www.w3.org/2001/XMLSchema-instance" xsi:noNamespaceSchemaLocation="https://maven.apache.org/surefire/maven-surefire-plugin/xsd/surefire-test-report.xsd" name="server.ProgramTest" time="0.046" tests="1" errors="1" skipped="0" failures="0">
  <properties>
[...]
</properties>
  <testcase name="initializationError" classname="server.ProgramTest" time="0.006">
    <error message="Invalid test class &apos;server.ProgramTest&apos;:&#10;  1. The class server.ProgramTest is not public.&#10;  2. Test class should have exactly one public constructor" type="org.junit.runners.model.InvalidTestClassError">org.junit.runners.model.InvalidTestClassError: 
Invalid test class 'server.ProgramTest':
  1. The class server.ProgramTest is not public.
  2. Test class should have exactly one public constructor
</error>
  </testcase>
</testsuite>